<?xml version="1.0" encoding="UTF-8"?>
<!-- Generated by org.testng.reporters.JUnitReportReporter -->
<testsuite hostname="LAPTOP-VVB5D4FQ" failures="0" tests="1" name="Testinium.trendyol_login" time="50.321" errors="0" timestamp="2020-09-13T23:23:08 EEST" skipped="0">
  <testcase classname="Testinium.trendyol_login" name="LoginTrendyol" time="50.321"/>
  <system-out/>
</testsuite> <!-- Testinium.trendyol_login -->
