<?xml version="1.0" encoding="UTF-8"?>
<!-- Generated by org.testng.reporters.JUnitReportReporter -->
<testsuite hostname="LAPTOP-VVB5D4FQ" failures="0" tests="1" name="com.herokuapp.theinternet.PositiveTests" time="18.855" errors="0" timestamp="2020-08-31T14:03:42 EEST" skipped="0">
  <testcase classname="com.herokuapp.theinternet.PositiveTests" name="loginTest" time="18.855"/>
  <system-out/>
</testsuite> <!-- com.herokuapp.theinternet.PositiveTests -->
