<?xml version="1.0" encoding="UTF-8"?>
<!-- Generated by org.testng.reporters.JUnitReportReporter -->
<testsuite hostname="LAPTOP-VVB5D4FQ" failures="0" tests="2" name="com.herokuapp.theinternet.NegativeTests" time="33.654" errors="0" timestamp="2020-08-31T16:47:50 EEST" skipped="0">
  <testcase classname="com.herokuapp.theinternet.NegativeTests" name="negativeLoginTest" time="17.385"/>
  <system-out/>
  <testcase classname="com.herokuapp.theinternet.NegativeTests" name="negativeLoginTest" time="16.269"/>
  <system-out/>
</testsuite> <!-- com.herokuapp.theinternet.NegativeTests -->
