<?xml version="1.0" encoding="UTF-8"?>
<!-- Generated by org.testng.reporters.JUnitReportReporter -->
<testsuite hostname="LAPTOP-VVB5D4FQ" failures="0" tests="1" name="pixage.Kutuphane" time="27.363" errors="0" timestamp="2020-09-07T16:59:41 EEST" skipped="0">
  <testcase classname="pixage.Kutuphane" name="LoginPixage" time="27.363"/>
  <system-out/>
</testsuite> <!-- pixage.Kutuphane -->
