<?xml version="1.0" encoding="UTF-8"?>
<!-- Generated by org.testng.reporters.JUnitReportReporter -->
<testsuite hostname="LAPTOP-VVB5D4FQ" failures="0" tests="1" name="pixage.Login" time="30.437" errors="0" timestamp="2020-09-07T15:38:11 EEST" skipped="0">
  <testcase classname="pixage.Login" name="LoginPixage" time="30.437"/>
  <system-out/>
</testsuite> <!-- pixage.Login -->
